{"level":"info","message":"Incoming GET /health","service":"polling-api","timestamp":"2025-09-13 14:36:49"}
{"accept":"*/*","host":"localhost:3000","level":"debug","message":"Request headers:","service":"polling-api","timestamp":"2025-09-13 14:36:49","user-agent":"curl/7.88.1"}
{"level":"debug","message":"Request body:","service":"polling-api","timestamp":"2025-09-13 14:36:49"}
{"ip":"::ffff:127.0.0.1","level":"info","message":"GET /health","query":{},"service":"polling-api","timestamp":"2025-09-13 14:36:49"}
{"level":"info","message":"Incoming POST /api/v1/users/register","service":"polling-api","timestamp":"2025-09-13 14:36:56"}
{"accept":"*/*","content-length":"66","content-type":"application/json","host":"localhost:3000","level":"debug","message":"Request headers:","service":"polling-api","timestamp":"2025-09-13 14:36:56","user-agent":"curl/7.88.1"}
{"level":"debug","message":"Request body:","service":"polling-api","timestamp":"2025-09-13 14:36:56"}
{"level":"info","message":"Incoming POST /api/v1/users/register","service":"polling-api","timestamp":"2025-09-13 14:37:34"}
{"accept":"*/*","content-length":"66","content-type":"application/json; charset=utf-8","host":"localhost:3000","level":"debug","message":"Request headers:","service":"polling-api","timestamp":"2025-09-13 14:37:34","user-agent":"curl/7.88.1"}
{"level":"debug","message":"Request body:","service":"polling-api","timestamp":"2025-09-13 14:37:34"}
{"body":{"email":"Ari123@gmail.com","name":"Ari","password":"password123"},"ip":"::ffff:127.0.0.1","level":"info","message":"POST /api/v1/users/register","query":{},"service":"polling-api","timestamp":"2025-09-13 14:37:34"}
{"level":"info","message":"Incoming GET /api/v1/users/register","service":"polling-api","timestamp":"2025-09-13 14:38:20"}
{"accept":"*/*","accept-encoding":"gzip, deflate, br","cache-control":"no-cache","connection":"keep-alive","content-length":"83","content-type":"application/json","host":"localhost:3000","level":"debug","message":"Request headers:","postman-token":"1a90d17e-b4e5-4896-9314-b214df404234","service":"polling-api","timestamp":"2025-09-13 14:38:20","user-agent":"PostmanRuntime/7.45.0"}
{"level":"debug","message":"Request body:","service":"polling-api","timestamp":"2025-09-13 14:38:20"}
{"body":{"email":"Ari123@gmail.com","name":"Ari","password":"password123"},"ip":"::1","level":"info","message":"GET /api/v1/users/register","query":{},"service":"polling-api","timestamp":"2025-09-13 14:38:20"}
{"level":"info","message":"Incoming POST /api/v1/users/register","service":"polling-api","timestamp":"2025-09-13 14:38:57"}
{"accept":"*/*","accept-encoding":"gzip, deflate, br","cache-control":"no-cache","connection":"keep-alive","content-length":"83","content-type":"application/json","host":"localhost:3000","level":"debug","message":"Request headers:","postman-token":"bfba6da8-ccd4-4653-af0f-8feefafd179b","service":"polling-api","timestamp":"2025-09-13 14:38:57","user-agent":"PostmanRuntime/7.45.0"}
{"level":"debug","message":"Request body:","service":"polling-api","timestamp":"2025-09-13 14:38:57"}
{"body":{"email":"Ari123@gmail.com","name":"Ari","password":"password123"},"ip":"::1","level":"info","message":"POST /api/v1/users/register","query":{},"service":"polling-api","timestamp":"2025-09-13 14:38:57"}
{"level":"info","message":"Incoming GET /api/v1/users/login","service":"polling-api","timestamp":"2025-09-13 17:04:00"}
{"accept":"*/*","accept-encoding":"gzip, deflate, br","cache-control":"no-cache","connection":"keep-alive","content-length":"65","content-type":"application/json","host":"localhost:3000","level":"debug","message":"Request headers:","postman-token":"dac00cd4-1447-4a99-9b77-1391df4a7cd0","service":"polling-api","timestamp":"2025-09-13 17:04:00","user-agent":"PostmanRuntime/7.45.0"}
{"level":"debug","message":"Request body:","service":"polling-api","timestamp":"2025-09-13 17:04:00"}
{"body":{"email":"Ari123@gmail.com","password":"password123"},"ip":"::1","level":"info","message":"GET /api/v1/users/login","query":{},"service":"polling-api","timestamp":"2025-09-13 17:04:00"}
{"level":"info","message":"Incoming GET /api/v1/users/login","service":"polling-api","timestamp":"2025-09-13 17:06:37"}
{"accept":"*/*","accept-encoding":"gzip, deflate, br","cache-control":"no-cache","connection":"keep-alive","content-length":"65","content-type":"application/json","host":"localhost:3000","level":"debug","message":"Request headers:","postman-token":"6ac47e7a-fe5b-445f-a16e-be4eb395059f","service":"polling-api","timestamp":"2025-09-13 17:06:37","user-agent":"PostmanRuntime/7.45.0"}
{"level":"debug","message":"Request body:","service":"polling-api","timestamp":"2025-09-13 17:06:37"}
{"body":{"email":"Ari123@gmail.com","password":"password123"},"ip":"::1","level":"info","message":"GET /api/v1/users/login","query":{},"service":"polling-api","timestamp":"2025-09-13 17:06:37"}
{"level":"info","message":"Incoming POST /api/v1/users/login","service":"polling-api","timestamp":"2025-09-13 17:08:08"}
{"accept":"*/*","accept-encoding":"gzip, deflate, br","cache-control":"no-cache","connection":"keep-alive","content-length":"65","content-type":"application/json","host":"localhost:3000","level":"debug","message":"Request headers:","postman-token":"489f2638-1a2a-4eb6-bf44-dd8952fdf719","service":"polling-api","timestamp":"2025-09-13 17:08:08","user-agent":"PostmanRuntime/7.45.0"}
{"level":"debug","message":"Request body:","service":"polling-api","timestamp":"2025-09-13 17:08:08"}
{"body":{"email":"Ari123@gmail.com","password":"password123"},"ip":"::1","level":"info","message":"POST /api/v1/users/login","query":{},"service":"polling-api","timestamp":"2025-09-13 17:08:08"}
{"level":"info","message":"Incoming POST /api/v1/polls","service":"polling-api","timestamp":"2025-09-13 17:10:43"}
{"accept":"*/*","accept-encoding":"gzip, deflate, br","authorization":"eyJhbGciOiJIUzI1NiIsInR5cCI6IkpXVCJ9.eyJ1c2VySWQiOjEsImVtYWlsIjoiYXJpMTIzQGdtYWlsLmNvbSIsImlhdCI6MTc1Nzc2MzQ5MiwiZXhwIjoxNzU3ODQ5ODkyfQ.ER5O3wftsPZ6TpQ6mm8vaZ_vvERjWtndmt2g7LhtRhY","cache-control":"no-cache","connection":"keep-alive","content-length":"147","content-type":"application/json","cookie":"token=eyJhbGciOiJIUzI1NiIsInR5cCI6IkpXVCJ9.eyJ1c2VySWQiOjEsImVtYWlsIjoiYXJpMTIzQGdtYWlsLmNvbSIsImlhdCI6MTc1Nzc2MzQ5MiwiZXhwIjoxNzU3ODQ5ODkyfQ.ER5O3wftsPZ6TpQ6mm8vaZ_vvERjWtndmt2g7LhtRhY","host":"localhost:3000","level":"debug","message":"Request headers:","postman-token":"ba7fdcf3-7a03-4e78-937e-888cc072feaa","service":"polling-api","timestamp":"2025-09-13 17:10:43","user-agent":"PostmanRuntime/7.45.0"}
{"level":"debug","message":"Request body:","service":"polling-api","timestamp":"2025-09-13 17:10:43"}
{"body":{"isPublic":true,"options":["JavaScript","TypeScript","Python","Java"],"question":"What's your favorite programming language?"},"ip":"::1","level":"info","message":"POST /api/v1/polls","query":{},"service":"polling-api","timestamp":"2025-09-13 17:10:43"}
{"level":"info","message":"Incoming GET /api/v1/polls","service":"polling-api","timestamp":"2025-09-13 17:13:49"}
{"accept":"*/*","accept-encoding":"gzip, deflate, br","authorization":"eyJhbGciOiJIUzI1NiIsInR5cCI6IkpXVCJ9.eyJ1c2VySWQiOjEsImVtYWlsIjoiYXJpMTIzQGdtYWlsLmNvbSIsImlhdCI6MTc1Nzc2MzQ5MiwiZXhwIjoxNzU3ODQ5ODkyfQ.ER5O3wftsPZ6TpQ6mm8vaZ_vvERjWtndmt2g7LhtRhY","cache-control":"no-cache","connection":"keep-alive","content-length":"147","content-type":"application/json","cookie":"token=eyJhbGciOiJIUzI1NiIsInR5cCI6IkpXVCJ9.eyJ1c2VySWQiOjEsImVtYWlsIjoiYXJpMTIzQGdtYWlsLmNvbSIsImlhdCI6MTc1Nzc2MzQ5MiwiZXhwIjoxNzU3ODQ5ODkyfQ.ER5O3wftsPZ6TpQ6mm8vaZ_vvERjWtndmt2g7LhtRhY","host":"localhost:3000","level":"debug","message":"Request headers:","postman-token":"d137f43a-a334-476f-af3d-8f3d54701933","service":"polling-api","timestamp":"2025-09-13 17:13:49","user-agent":"PostmanRuntime/7.45.0"}
{"level":"debug","message":"Request body:","service":"polling-api","timestamp":"2025-09-13 17:13:49"}
{"body":{"isPublic":true,"options":["JavaScript","TypeScript","Python","Java"],"question":"What's your favorite programming language?"},"ip":"::1","level":"info","message":"GET /api/v1/polls","query":{},"service":"polling-api","timestamp":"2025-09-13 17:13:49"}
{"level":"info","message":"Incoming GET /api/v1/polls/1","service":"polling-api","timestamp":"2025-09-13 17:14:40"}
{"accept":"*/*","accept-encoding":"gzip, deflate, br","authorization":"eyJhbGciOiJIUzI1NiIsInR5cCI6IkpXVCJ9.eyJ1c2VySWQiOjEsImVtYWlsIjoiYXJpMTIzQGdtYWlsLmNvbSIsImlhdCI6MTc1Nzc2MzQ5MiwiZXhwIjoxNzU3ODQ5ODkyfQ.ER5O3wftsPZ6TpQ6mm8vaZ_vvERjWtndmt2g7LhtRhY","cache-control":"no-cache","connection":"keep-alive","content-length":"147","content-type":"application/json","cookie":"token=eyJhbGciOiJIUzI1NiIsInR5cCI6IkpXVCJ9.eyJ1c2VySWQiOjEsImVtYWlsIjoiYXJpMTIzQGdtYWlsLmNvbSIsImlhdCI6MTc1Nzc2MzQ5MiwiZXhwIjoxNzU3ODQ5ODkyfQ.ER5O3wftsPZ6TpQ6mm8vaZ_vvERjWtndmt2g7LhtRhY","host":"localhost:3000","level":"debug","message":"Request headers:","postman-token":"77b548a1-4f7d-4b0b-80a4-7f4796a75317","service":"polling-api","timestamp":"2025-09-13 17:14:40","user-agent":"PostmanRuntime/7.45.0"}
{"level":"debug","message":"Request body:","service":"polling-api","timestamp":"2025-09-13 17:14:40"}
{"body":{"isPublic":true,"options":["JavaScript","TypeScript","Python","Java"],"question":"What's your favorite programming language?"},"ip":"::1","level":"info","message":"GET /api/v1/polls/1","query":{},"service":"polling-api","timestamp":"2025-09-13 17:14:40"}
{"level":"info","message":"Incoming GET /api/v1/polls/1","service":"polling-api","timestamp":"2025-09-13 17:16:11"}
{"accept":"*/*","accept-encoding":"gzip, deflate, br","authorization":"eyJhbGciOiJIUzI1NiIsInR5cCI6IkpXVCJ9.eyJ1c2VySWQiOjEsImVtYWlsIjoiYXJpMTIzQGdtYWlsLmNvbSIsImlhdCI6MTc1Nzc2MzQ5MiwiZXhwIjoxNzU3ODQ5ODkyfQ.ER5O3wftsPZ6TpQ6mm8vaZ_vvERjWtndmt2g7LhtRhY","cache-control":"no-cache","connection":"keep-alive","content-length":"147","content-type":"application/json","cookie":"token=eyJhbGciOiJIUzI1NiIsInR5cCI6IkpXVCJ9.eyJ1c2VySWQiOjEsImVtYWlsIjoiYXJpMTIzQGdtYWlsLmNvbSIsImlhdCI6MTc1Nzc2MzQ5MiwiZXhwIjoxNzU3ODQ5ODkyfQ.ER5O3wftsPZ6TpQ6mm8vaZ_vvERjWtndmt2g7LhtRhY","host":"localhost:3000","level":"debug","message":"Request headers:","postman-token":"7eff85dc-cf87-44e8-b8bd-8245dc61b0a5","service":"polling-api","timestamp":"2025-09-13 17:16:11","user-agent":"PostmanRuntime/7.45.0"}
{"level":"debug","message":"Request body:","service":"polling-api","timestamp":"2025-09-13 17:16:11"}
{"body":{"isPublic":true,"options":["JavaScript","TypeScript","Python","Java"],"question":"What's your favorite programming language?"},"ip":"::1","level":"info","message":"GET /api/v1/polls/1","query":{},"service":"polling-api","timestamp":"2025-09-13 17:16:11"}
{"level":"info","message":"Incoming GET /api/v1/polls/1","service":"polling-api","timestamp":"2025-09-13 17:17:40"}
{"accept":"*/*","host":"localhost:3000","level":"debug","message":"Request headers:","service":"polling-api","timestamp":"2025-09-13 17:17:40","user-agent":"curl/7.88.1"}
{"level":"debug","message":"Request body:","service":"polling-api","timestamp":"2025-09-13 17:17:40"}
{"ip":"::ffff:127.0.0.1","level":"info","message":"GET /api/v1/polls/1","query":{},"service":"polling-api","timestamp":"2025-09-13 17:17:40"}
{"level":"info","message":"Incoming POST /api/v1/polls","service":"polling-api","timestamp":"2025-09-13 17:20:13"}
{"accept":"*/*","accept-encoding":"gzip, deflate, br","authorization":"eyJhbGciOiJIUzI1NiIsInR5cCI6IkpXVCJ9.eyJ1c2VySWQiOjEsImVtYWlsIjoiYXJpMTIzQGdtYWlsLmNvbSIsImlhdCI6MTc1Nzc2MzQ5MiwiZXhwIjoxNzU3ODQ5ODkyfQ.ER5O3wftsPZ6TpQ6mm8vaZ_vvERjWtndmt2g7LhtRhY","cache-control":"no-cache","connection":"keep-alive","content-length":"150","content-type":"application/json","cookie":"token=eyJhbGciOiJIUzI1NiIsInR5cCI6IkpXVCJ9.eyJ1c2VySWQiOjEsImVtYWlsIjoiYXJpMTIzQGdtYWlsLmNvbSIsImlhdCI6MTc1Nzc2MzQ5MiwiZXhwIjoxNzU3ODQ5ODkyfQ.ER5O3wftsPZ6TpQ6mm8vaZ_vvERjWtndmt2g7LhtRhY","host":"localhost:3000","level":"debug","message":"Request headers:","postman-token":"5e30b7ab-143d-4114-a97d-d19cded5b044","service":"polling-api","timestamp":"2025-09-13 17:20:13","user-agent":"PostmanRuntime/7.45.0"}
{"level":"debug","message":"Request body:","service":"polling-api","timestamp":"2025-09-13 17:20:13"}
{"body":{"isPublished":true,"options":["JavaScript","TypeScript","Python","Java"],"question":"What's your favorite programming language?"},"ip":"::1","level":"info","message":"POST /api/v1/polls","query":{},"service":"polling-api","timestamp":"2025-09-13 17:20:13"}
{"level":"info","message":"Incoming GET /api/v1/polls","service":"polling-api","timestamp":"2025-09-13 17:20:33"}
{"accept":"*/*","accept-encoding":"gzip, deflate, br","authorization":"eyJhbGciOiJIUzI1NiIsInR5cCI6IkpXVCJ9.eyJ1c2VySWQiOjEsImVtYWlsIjoiYXJpMTIzQGdtYWlsLmNvbSIsImlhdCI6MTc1Nzc2MzQ5MiwiZXhwIjoxNzU3ODQ5ODkyfQ.ER5O3wftsPZ6TpQ6mm8vaZ_vvERjWtndmt2g7LhtRhY","cache-control":"no-cache","connection":"keep-alive","content-length":"150","content-type":"application/json","cookie":"token=eyJhbGciOiJIUzI1NiIsInR5cCI6IkpXVCJ9.eyJ1c2VySWQiOjEsImVtYWlsIjoiYXJpMTIzQGdtYWlsLmNvbSIsImlhdCI6MTc1Nzc2MzQ5MiwiZXhwIjoxNzU3ODQ5ODkyfQ.ER5O3wftsPZ6TpQ6mm8vaZ_vvERjWtndmt2g7LhtRhY","host":"localhost:3000","level":"debug","message":"Request headers:","postman-token":"ec3d13ab-6ab2-4824-b4ee-a6e09fa70b74","service":"polling-api","timestamp":"2025-09-13 17:20:33","user-agent":"PostmanRuntime/7.45.0"}
{"level":"debug","message":"Request body:","service":"polling-api","timestamp":"2025-09-13 17:20:33"}
{"body":{"isPublished":true,"options":["JavaScript","TypeScript","Python","Java"],"question":"What's your favorite programming language?"},"ip":"::1","level":"info","message":"GET /api/v1/polls","query":{},"service":"polling-api","timestamp":"2025-09-13 17:20:33"}
{"level":"info","message":"Incoming GET /api/v1/polls","service":"polling-api","timestamp":"2025-09-13 17:24:29"}
{"accept":"*/*","accept-encoding":"gzip, deflate, br","authorization":"eyJhbGciOiJIUzI1NiIsInR5cCI6IkpXVCJ9.eyJ1c2VySWQiOjEsImVtYWlsIjoiYXJpMTIzQGdtYWlsLmNvbSIsImlhdCI6MTc1Nzc2MzQ5MiwiZXhwIjoxNzU3ODQ5ODkyfQ.ER5O3wftsPZ6TpQ6mm8vaZ_vvERjWtndmt2g7LhtRhY","cache-control":"no-cache","connection":"keep-alive","content-length":"150","content-type":"application/json","cookie":"token=eyJhbGciOiJIUzI1NiIsInR5cCI6IkpXVCJ9.eyJ1c2VySWQiOjEsImVtYWlsIjoiYXJpMTIzQGdtYWlsLmNvbSIsImlhdCI6MTc1Nzc2MzQ5MiwiZXhwIjoxNzU3ODQ5ODkyfQ.ER5O3wftsPZ6TpQ6mm8vaZ_vvERjWtndmt2g7LhtRhY","host":"localhost:3000","level":"debug","message":"Request headers:","postman-token":"e3e13559-4da8-485f-bb53-62efaec117ec","service":"polling-api","timestamp":"2025-09-13 17:24:29","user-agent":"PostmanRuntime/7.45.0"}
{"level":"debug","message":"Request body:","service":"polling-api","timestamp":"2025-09-13 17:24:29"}
{"body":{"isPublished":true,"options":["JavaScript","TypeScript","Python","Java"],"question":"What's your favorite programming language?"},"ip":"::1","level":"info","message":"GET /api/v1/polls","query":{},"service":"polling-api","timestamp":"2025-09-13 17:24:29"}
{"level":"info","message":"Incoming GET /api/v1/polls/2","service":"polling-api","timestamp":"2025-09-13 17:25:04"}
{"accept":"*/*","accept-encoding":"gzip, deflate, br","authorization":"eyJhbGciOiJIUzI1NiIsInR5cCI6IkpXVCJ9.eyJ1c2VySWQiOjEsImVtYWlsIjoiYXJpMTIzQGdtYWlsLmNvbSIsImlhdCI6MTc1Nzc2MzQ5MiwiZXhwIjoxNzU3ODQ5ODkyfQ.ER5O3wftsPZ6TpQ6mm8vaZ_vvERjWtndmt2g7LhtRhY","cache-control":"no-cache","connection":"keep-alive","content-length":"150","content-type":"application/json","cookie":"token=eyJhbGciOiJIUzI1NiIsInR5cCI6IkpXVCJ9.eyJ1c2VySWQiOjEsImVtYWlsIjoiYXJpMTIzQGdtYWlsLmNvbSIsImlhdCI6MTc1Nzc2MzQ5MiwiZXhwIjoxNzU3ODQ5ODkyfQ.ER5O3wftsPZ6TpQ6mm8vaZ_vvERjWtndmt2g7LhtRhY","host":"localhost:3000","level":"debug","message":"Request headers:","postman-token":"d9f6c4b3-160d-4a63-9a07-a37d62f8c424","service":"polling-api","timestamp":"2025-09-13 17:25:04","user-agent":"PostmanRuntime/7.45.0"}
{"level":"debug","message":"Request body:","service":"polling-api","timestamp":"2025-09-13 17:25:04"}
{"body":{"isPublished":true,"options":["JavaScript","TypeScript","Python","Java"],"question":"What's your favorite programming language?"},"ip":"::1","level":"info","message":"GET /api/v1/polls/2","query":{},"service":"polling-api","timestamp":"2025-09-13 17:25:04"}
{"level":"info","message":"Incoming GET /api/v1/polls/2","service":"polling-api","timestamp":"2025-09-13 17:53:04"}
{"accept":"*/*","accept-encoding":"gzip, deflate, br","authorization":"eyJhbGciOiJIUzI1NiIsInR5cCI6IkpXVCJ9.eyJ1c2VySWQiOjEsImVtYWlsIjoiYXJpMTIzQGdtYWlsLmNvbSIsImlhdCI6MTc1Nzc2MzQ5MiwiZXhwIjoxNzU3ODQ5ODkyfQ.ER5O3wftsPZ6TpQ6mm8vaZ_vvERjWtndmt2g7LhtRhY","cache-control":"no-cache","connection":"keep-alive","content-length":"150","content-type":"application/json","cookie":"token=eyJhbGciOiJIUzI1NiIsInR5cCI6IkpXVCJ9.eyJ1c2VySWQiOjEsImVtYWlsIjoiYXJpMTIzQGdtYWlsLmNvbSIsImlhdCI6MTc1Nzc2MzQ5MiwiZXhwIjoxNzU3ODQ5ODkyfQ.ER5O3wftsPZ6TpQ6mm8vaZ_vvERjWtndmt2g7LhtRhY","host":"localhost:3000","level":"debug","message":"Request headers:","postman-token":"43da5f13-bc56-4693-8027-949183928276","service":"polling-api","timestamp":"2025-09-13 17:53:04","user-agent":"PostmanRuntime/7.45.0"}
{"level":"debug","message":"Request body:","service":"polling-api","timestamp":"2025-09-13 17:53:04"}
{"body":{"isPublished":true,"options":["JavaScript","TypeScript","Python","Java"],"question":"What's your favorite programming language?"},"ip":"::1","level":"info","message":"GET /api/v1/polls/2","query":{},"service":"polling-api","timestamp":"2025-09-13 17:53:04"}
{"level":"info","message":"Incoming GET /api/v1/polls/2/results","service":"polling-api","timestamp":"2025-09-13 17:55:01"}
{"accept":"*/*","accept-encoding":"gzip, deflate, br","authorization":"eyJhbGciOiJIUzI1NiIsInR5cCI6IkpXVCJ9.eyJ1c2VySWQiOjEsImVtYWlsIjoiYXJpMTIzQGdtYWlsLmNvbSIsImlhdCI6MTc1Nzc2MzQ5MiwiZXhwIjoxNzU3ODQ5ODkyfQ.ER5O3wftsPZ6TpQ6mm8vaZ_vvERjWtndmt2g7LhtRhY","cache-control":"no-cache","connection":"keep-alive","content-length":"150","content-type":"application/json","cookie":"token=eyJhbGciOiJIUzI1NiIsInR5cCI6IkpXVCJ9.eyJ1c2VySWQiOjEsImVtYWlsIjoiYXJpMTIzQGdtYWlsLmNvbSIsImlhdCI6MTc1Nzc2MzQ5MiwiZXhwIjoxNzU3ODQ5ODkyfQ.ER5O3wftsPZ6TpQ6mm8vaZ_vvERjWtndmt2g7LhtRhY","host":"localhost:3000","level":"debug","message":"Request headers:","postman-token":"da7db765-ceaa-4583-a006-73e3559a8afd","service":"polling-api","timestamp":"2025-09-13 17:55:01","user-agent":"PostmanRuntime/7.45.0"}
{"level":"debug","message":"Request body:","service":"polling-api","timestamp":"2025-09-13 17:55:01"}
{"body":{"isPublished":true,"options":["JavaScript","TypeScript","Python","Java"],"question":"What's your favorite programming language?"},"ip":"::1","level":"info","message":"GET /api/v1/polls/2/results","query":{},"service":"polling-api","timestamp":"2025-09-13 17:55:01"}
{"level":"info","message":"Incoming POST /api/v1/polls/POLL_ID/vote","service":"polling-api","timestamp":"2025-09-13 17:58:33"}
{"accept":"*/*","content-length":"23","content-type":"application/json","host":"localhost:3000","level":"debug","message":"Request headers:","service":"polling-api","timestamp":"2025-09-13 17:58:33","user-agent":"curl/7.88.1"}
{"level":"debug","message":"Request body:","service":"polling-api","timestamp":"2025-09-13 17:58:33"}
{"body":{"optionId":1},"ip":"::ffff:127.0.0.1","level":"info","message":"POST /api/v1/polls/POLL_ID/vote","query":{},"service":"polling-api","timestamp":"2025-09-13 17:58:33"}
{"level":"info","message":"Incoming GET /api/v1/polls/2/vote","service":"polling-api","timestamp":"2025-09-13 18:02:09"}
{"accept":"*/*","accept-encoding":"gzip, deflate, br","authorization":"eyJhbGciOiJIUzI1NiIsInR5cCI6IkpXVCJ9.eyJ1c2VySWQiOjEsImVtYWlsIjoiYXJpMTIzQGdtYWlsLmNvbSIsImlhdCI6MTc1Nzc2MzQ5MiwiZXhwIjoxNzU3ODQ5ODkyfQ.ER5O3wftsPZ6TpQ6mm8vaZ_vvERjWtndmt2g7LhtRhY","cache-control":"no-cache","connection":"keep-alive","content-length":"22","content-type":"application/json","cookie":"token=eyJhbGciOiJIUzI1NiIsInR5cCI6IkpXVCJ9.eyJ1c2VySWQiOjEsImVtYWlsIjoiYXJpMTIzQGdtYWlsLmNvbSIsImlhdCI6MTc1Nzc2MzQ5MiwiZXhwIjoxNzU3ODQ5ODkyfQ.ER5O3wftsPZ6TpQ6mm8vaZ_vvERjWtndmt2g7LhtRhY","host":"localhost:3000","level":"debug","message":"Request headers:","postman-token":"49e61157-e953-45b7-92ca-3155229ad30e","service":"polling-api","timestamp":"2025-09-13 18:02:09","user-agent":"PostmanRuntime/7.45.0"}
{"level":"debug","message":"Request body:","service":"polling-api","timestamp":"2025-09-13 18:02:09"}
{"body":{"optionId":5},"ip":"::1","level":"info","message":"GET /api/v1/polls/2/vote","query":{},"service":"polling-api","timestamp":"2025-09-13 18:02:09"}
{"level":"info","message":"Incoming GET /api/v1/polls/2/vote","service":"polling-api","timestamp":"2025-09-13 18:03:15"}
{"accept":"*/*","accept-encoding":"gzip, deflate, br","authorization":"eyJhbGciOiJIUzI1NiIsInR5cCI6IkpXVCJ9.eyJ1c2VySWQiOjEsImVtYWlsIjoiYXJpMTIzQGdtYWlsLmNvbSIsImlhdCI6MTc1Nzc2MzQ5MiwiZXhwIjoxNzU3ODQ5ODkyfQ.ER5O3wftsPZ6TpQ6mm8vaZ_vvERjWtndmt2g7LhtRhY","cache-control":"no-cache","connection":"keep-alive","content-length":"22","content-type":"application/json","cookie":"token=eyJhbGciOiJIUzI1NiIsInR5cCI6IkpXVCJ9.eyJ1c2VySWQiOjEsImVtYWlsIjoiYXJpMTIzQGdtYWlsLmNvbSIsImlhdCI6MTc1Nzc2MzQ5MiwiZXhwIjoxNzU3ODQ5ODkyfQ.ER5O3wftsPZ6TpQ6mm8vaZ_vvERjWtndmt2g7LhtRhY","host":"localhost:3000","level":"debug","message":"Request headers:","postman-token":"7da4f9dc-44c2-42d3-a4ed-3f4d17cf6a2c","service":"polling-api","timestamp":"2025-09-13 18:03:15","user-agent":"PostmanRuntime/7.45.0"}
{"level":"debug","message":"Request body:","service":"polling-api","timestamp":"2025-09-13 18:03:15"}
{"body":{"optionId":5},"ip":"::1","level":"info","message":"GET /api/v1/polls/2/vote","query":{},"service":"polling-api","timestamp":"2025-09-13 18:03:15"}
{"level":"info","message":"Incoming POST /api/v1/polls/2/vote","service":"polling-api","timestamp":"2025-09-13 18:04:06"}
{"accept":"*/*","authorization":"Bearer eyJhbGciOiJIUzI1NiIsInR5cCI6IkpXVCJ9.eyJ1c2VySWQiOjEsImVtYWlsIjoiYXJpMTIzQGdtYWlsLmNvbSIsImlhdCI6MTc1Nzc2MzQ5MiwiZXhwIjoxNzU3ODQ5ODkyfQ.ER5O3wftsPZ6TpQ6mm8vaZ_vvERjWtndmt2g7LhtRhY","content-length":"15","content-type":"application/json","host":"localhost:3000","level":"debug","message":"Request headers:","service":"polling-api","timestamp":"2025-09-13 18:04:06","user-agent":"curl/7.88.1"}
{"level":"debug","message":"Request body:","service":"polling-api","timestamp":"2025-09-13 18:04:06"}
{"body":{"optionId":1},"ip":"::ffff:127.0.0.1","level":"info","message":"POST /api/v1/polls/2/vote","query":{},"service":"polling-api","timestamp":"2025-09-13 18:04:06"}
{"level":"info","message":"Incoming POST /api/v1/polls/2/vote","service":"polling-api","timestamp":"2025-09-13 18:04:50"}
{"accept":"*/*","authorization":"eyJhbGciOiJIUzI1NiIsInR5cCI6IkpXVCJ9.eyJ1c2VySWQiOjEsImVtYWlsIjoiYXJpMTIzQGdtYWlsLmNvbSIsImlhdCI6MTc1Nzc2MzQ5MiwiZXhwIjoxNzU3ODQ5ODkyfQ.ER5O3wftsPZ6TpQ6mm8vaZ_vvERjWtndmt2g7LhtRhY","content-length":"15","content-type":"application/json","host":"localhost:3000","level":"debug","message":"Request headers:","service":"polling-api","timestamp":"2025-09-13 18:04:50","user-agent":"curl/7.88.1"}
{"level":"debug","message":"Request body:","service":"polling-api","timestamp":"2025-09-13 18:04:50"}
{"body":{"optionId":1},"ip":"::ffff:127.0.0.1","level":"info","message":"POST /api/v1/polls/2/vote","query":{},"service":"polling-api","timestamp":"2025-09-13 18:04:50"}
{"level":"info","message":"Incoming POST /api/v1/polls/2/vote","service":"polling-api","timestamp":"2025-09-13 18:08:59"}
{"accept":"*/*","authorization":"eyJhbGciOiJIUzI1NiIsInR5cCI6IkpXVCJ9.eyJ1c2VySWQiOjEsImVtYWlsIjoiYXJpMTIzQGdtYWlsLmNvbSIsImlhdCI6MTc1Nzc2MzQ5MiwiZXhwIjoxNzU3ODQ5ODkyfQ.ER5O3wftsPZ6TpQ6mm8vaZ_vvERjWtndmt2g7LhtRhY","content-length":"15","content-type":"application/json","host":"localhost:3000","level":"debug","message":"Request headers:","service":"polling-api","timestamp":"2025-09-13 18:08:59","user-agent":"curl/7.88.1"}
{"level":"debug","message":"Request body:","service":"polling-api","timestamp":"2025-09-13 18:08:59"}
{"body":{"optionId":1},"ip":"::ffff:127.0.0.1","level":"info","message":"POST /api/v1/polls/2/vote","query":{},"service":"polling-api","timestamp":"2025-09-13 18:08:59"}
{"level":"info","message":"Incoming POST /api/v1/users/login","service":"polling-api","timestamp":"2025-09-13 18:10:30"}
{"accept":"*/*","accept-encoding":"gzip, deflate, br","cache-control":"no-cache","connection":"keep-alive","content-length":"65","content-type":"application/json","cookie":"token=eyJhbGciOiJIUzI1NiIsInR5cCI6IkpXVCJ9.eyJ1c2VySWQiOjEsImVtYWlsIjoiYXJpMTIzQGdtYWlsLmNvbSIsImlhdCI6MTc1Nzc2MzQ5MiwiZXhwIjoxNzU3ODQ5ODkyfQ.ER5O3wftsPZ6TpQ6mm8vaZ_vvERjWtndmt2g7LhtRhY","host":"localhost:3000","level":"debug","message":"Request headers:","postman-token":"0dd20853-0601-4a99-87b2-daa0c4cc3e18","service":"polling-api","timestamp":"2025-09-13 18:10:30","user-agent":"PostmanRuntime/7.45.0"}
{"level":"debug","message":"Request body:","service":"polling-api","timestamp":"2025-09-13 18:10:30"}
{"body":{"email":"Ari123@gmail.com","password":"password123"},"ip":"::1","level":"info","message":"POST /api/v1/users/login","query":{},"service":"polling-api","timestamp":"2025-09-13 18:10:30"}
{"level":"info","message":"Incoming POST /api/v1/polls/2/vote","service":"polling-api","timestamp":"2025-09-13 18:12:47"}
{"accept":"*/*","authorization":"eyJhbGciOiJIUzI1NiIsInR5cCI6IkpXVCJ9.eyJ1c2VySWQiOjEsImVtYWlsIjoiYXJpMTIzQGdtYWlsLmNvbSIsImlhdCI6MTc1Nzc2NzIzMywiZXhwIjoxNzU3ODUzNjMzfQ.2KzLnVhVc-tv8Oecl6bOEu031LlHpJ1C5R4gMcaxQOY","content-length":"328","content-type":"application/json","host":"localhost:3000","level":"debug","message":"Request headers:","service":"polling-api","timestamp":"2025-09-13 18:12:47","user-agent":"curl/7.88.1"}
{"level":"debug","message":"Request body:","service":"polling-api","timestamp":"2025-09-13 18:12:47"}
{"level":"info","message":"Incoming POST /api/v1/polls/2/vote","service":"polling-api","timestamp":"2025-09-13 18:14:06"}
{"accept":"*/*","host":"localhost:3000","level":"debug","message":"Request headers:","service":"polling-api","timestamp":"2025-09-13 18:14:06","user-agent":"curl/7.88.1"}
{"level":"debug","message":"Request body:","service":"polling-api","timestamp":"2025-09-13 18:14:06"}
{"ip":"::ffff:127.0.0.1","level":"info","message":"POST /api/v1/polls/2/vote","query":{},"service":"polling-api","timestamp":"2025-09-13 18:14:06"}
{"level":"info","message":"Incoming POST /api/v1/polls/2/vote","service":"polling-api","timestamp":"2025-09-13 18:14:49"}
{"accept":"*/*","authorization":"eyJhbGciOiJIUzI1NiIsInR5cCI6IkpXVCJ9.eyJ1c2VySWQiOjEsImVtYWlsIjoiYXJpMTIzQGdtYWlsLmNvbSIsImlhdCI6MTc1Nzc2NzIzMywiZXhwIjoxNzU3ODUzNjMzfQ.2KzLnVhVc-tv8Oecl6bOEu031LlHpJ1C5R4gMcaxQOY","content-length":"15","content-type":"application/json","host":"localhost:3000","level":"debug","message":"Request headers:","service":"polling-api","timestamp":"2025-09-13 18:14:49","user-agent":"curl/7.88.1"}
{"level":"debug","message":"Request body:","service":"polling-api","timestamp":"2025-09-13 18:14:49"}
{"body":{"optionId":5},"ip":"::ffff:127.0.0.1","level":"info","message":"POST /api/v1/polls/2/vote","query":{},"service":"polling-api","timestamp":"2025-09-13 18:14:49"}
{"level":"info","message":"Incoming POST /api/v1/polls/2/vote","service":"polling-api","timestamp":"2025-09-13 18:30:17"}
{"accept":"*/*","host":"localhost:3000","level":"debug","message":"Request headers:","service":"polling-api","timestamp":"2025-09-13 18:30:17","user-agent":"curl/7.88.1"}
{"level":"debug","message":"Request body:","service":"polling-api","timestamp":"2025-09-13 18:30:17"}
{"ip":"::ffff:127.0.0.1","level":"info","message":"POST /api/v1/polls/2/vote","query":{},"service":"polling-api","timestamp":"2025-09-13 18:30:17"}
{"level":"info","message":"Incoming GET /api/v1/polls/2/vote","service":"polling-api","timestamp":"2025-09-13 19:18:09"}
{"accept":"*/*","accept-encoding":"gzip, deflate, br","authorization":"eyJhbGciOiJIUzI1NiIsInR5cCI6IkpXVCJ9.eyJ1c2VySWQiOjEsImVtYWlsIjoiYXJpMTIzQGdtYWlsLmNvbSIsImlhdCI6MTc1Nzc2MzQ5MiwiZXhwIjoxNzU3ODQ5ODkyfQ.ER5O3wftsPZ6TpQ6mm8vaZ_vvERjWtndmt2g7LhtRhY","cache-control":"no-cache","connection":"keep-alive","content-length":"22","content-type":"application/json","cookie":"token=eyJhbGciOiJIUzI1NiIsInR5cCI6IkpXVCJ9.eyJ1c2VySWQiOjEsImVtYWlsIjoiYXJpMTIzQGdtYWlsLmNvbSIsImlhdCI6MTc1Nzc2NzIzMywiZXhwIjoxNzU3ODUzNjMzfQ.2KzLnVhVc-tv8Oecl6bOEu031LlHpJ1C5R4gMcaxQOY","host":"localhost:3000","level":"debug","message":"Request headers:","postman-token":"0aa43e38-6682-43f3-945e-a3675ac53541","service":"polling-api","timestamp":"2025-09-13 19:18:09","user-agent":"PostmanRuntime/7.45.0"}
{"level":"debug","message":"Request body:","service":"polling-api","timestamp":"2025-09-13 19:18:09"}
{"body":{"optionId":5},"ip":"::1","level":"info","message":"GET /api/v1/polls/2/vote","query":{},"service":"polling-api","timestamp":"2025-09-13 19:18:09"}
{"level":"info","message":"Incoming POST /api/v1/polls/2/vote","service":"polling-api","timestamp":"2025-09-13 19:18:42"}
{"accept":"*/*","accept-encoding":"gzip, deflate, br","authorization":"eyJhbGciOiJIUzI1NiIsInR5cCI6IkpXVCJ9.eyJ1c2VySWQiOjEsImVtYWlsIjoiYXJpMTIzQGdtYWlsLmNvbSIsImlhdCI6MTc1Nzc2MzQ5MiwiZXhwIjoxNzU3ODQ5ODkyfQ.ER5O3wftsPZ6TpQ6mm8vaZ_vvERjWtndmt2g7LhtRhY","cache-control":"no-cache","connection":"keep-alive","content-length":"22","content-type":"application/json","cookie":"token=eyJhbGciOiJIUzI1NiIsInR5cCI6IkpXVCJ9.eyJ1c2VySWQiOjEsImVtYWlsIjoiYXJpMTIzQGdtYWlsLmNvbSIsImlhdCI6MTc1Nzc2NzIzMywiZXhwIjoxNzU3ODUzNjMzfQ.2KzLnVhVc-tv8Oecl6bOEu031LlHpJ1C5R4gMcaxQOY","host":"localhost:3000","level":"debug","message":"Request headers:","postman-token":"8674dede-42b3-47df-a69a-c8b375dfb322","service":"polling-api","timestamp":"2025-09-13 19:18:42","user-agent":"PostmanRuntime/7.45.0"}
{"level":"debug","message":"Request body:","service":"polling-api","timestamp":"2025-09-13 19:18:42"}
{"body":{"optionId":5},"ip":"::1","level":"info","message":"POST /api/v1/polls/2/vote","query":{},"service":"polling-api","timestamp":"2025-09-13 19:18:42"}
{"level":"info","message":"Incoming POST /api/v1/polls/2/vote","service":"polling-api","timestamp":"2025-09-13 19:21:12"}
{"accept":"*/*","host":"localhost:3000","level":"debug","message":"Request headers:","service":"polling-api","timestamp":"2025-09-13 19:21:12","user-agent":"curl/7.88.1"}
{"level":"debug","message":"Request body:","service":"polling-api","timestamp":"2025-09-13 19:21:12"}
{"ip":"::ffff:127.0.0.1","level":"info","message":"POST /api/v1/polls/2/vote","query":{},"service":"polling-api","timestamp":"2025-09-13 19:21:12"}
{"level":"info","message":"Incoming POST /api/v1/polls/2/vote","service":"polling-api","timestamp":"2025-09-13 19:21:22"}
{"accept":"*/*","accept-encoding":"gzip, deflate, br","authorization":"eyJhbGciOiJIUzI1NiIsInR5cCI6IkpXVCJ9.eyJ1c2VySWQiOjEsImVtYWlsIjoiYXJpMTIzQGdtYWlsLmNvbSIsImlhdCI6MTc1Nzc2MzQ5MiwiZXhwIjoxNzU3ODQ5ODkyfQ.ER5O3wftsPZ6TpQ6mm8vaZ_vvERjWtndmt2g7LhtRhY","cache-control":"no-cache","connection":"keep-alive","content-length":"22","content-type":"application/json","cookie":"token=eyJhbGciOiJIUzI1NiIsInR5cCI6IkpXVCJ9.eyJ1c2VySWQiOjEsImVtYWlsIjoiYXJpMTIzQGdtYWlsLmNvbSIsImlhdCI6MTc1Nzc2NzIzMywiZXhwIjoxNzU3ODUzNjMzfQ.2KzLnVhVc-tv8Oecl6bOEu031LlHpJ1C5R4gMcaxQOY","host":"localhost:3000","level":"debug","message":"Request headers:","postman-token":"c59b6def-ba0d-43b6-bee6-acb98b67ee80","service":"polling-api","timestamp":"2025-09-13 19:21:22","user-agent":"PostmanRuntime/7.45.0"}
{"level":"debug","message":"Request body:","service":"polling-api","timestamp":"2025-09-13 19:21:22"}
{"body":{"optionId":5},"ip":"::1","level":"info","message":"POST /api/v1/polls/2/vote","query":{},"service":"polling-api","timestamp":"2025-09-13 19:21:22"}
{"level":"info","message":"Incoming POST /api/v1/polls/2/vote","service":"polling-api","timestamp":"2025-09-13 19:23:06"}
{"accept":"*/*","accept-encoding":"gzip, deflate, br","authorization":"Bearer eyJhbGciOiJIUzI1NiIsInR5cCI6IkpXVCJ9.eyJ1c2VySWQiOjEsImVtYWlsIjoiYXJpMTIzQGdtYWlsLmNvbSIsImlhdCI6MTc1Nzc2MzQ5MiwiZXhwIjoxNzU3ODQ5ODkyfQ.ER5O3wftsPZ6TpQ6mm8vaZ_vvERjWtndmt2g7LhtRhY","cache-control":"no-cache","connection":"keep-alive","content-length":"22","content-type":"application/json","cookie":"token=eyJhbGciOiJIUzI1NiIsInR5cCI6IkpXVCJ9.eyJ1c2VySWQiOjEsImVtYWlsIjoiYXJpMTIzQGdtYWlsLmNvbSIsImlhdCI6MTc1Nzc2NzIzMywiZXhwIjoxNzU3ODUzNjMzfQ.2KzLnVhVc-tv8Oecl6bOEu031LlHpJ1C5R4gMcaxQOY","host":"localhost:3000","level":"debug","message":"Request headers:","postman-token":"b3b8f8b2-24a2-4f5e-ae33-7a89b9b0e1a0","service":"polling-api","timestamp":"2025-09-13 19:23:06","user-agent":"PostmanRuntime/7.45.0"}
{"level":"debug","message":"Request body:","service":"polling-api","timestamp":"2025-09-13 19:23:06"}
{"body":{"optionId":5},"ip":"::1","level":"info","message":"POST /api/v1/polls/2/vote","query":{},"service":"polling-api","timestamp":"2025-09-13 19:23:06"}
{"level":"info","message":"Incoming POST /api/v1/users/login","service":"polling-api","timestamp":"2025-09-13 19:23:24"}
{"accept":"*/*","accept-encoding":"gzip, deflate, br","cache-control":"no-cache","connection":"keep-alive","content-length":"65","content-type":"application/json","cookie":"token=eyJhbGciOiJIUzI1NiIsInR5cCI6IkpXVCJ9.eyJ1c2VySWQiOjEsImVtYWlsIjoiYXJpMTIzQGdtYWlsLmNvbSIsImlhdCI6MTc1Nzc2NzIzMywiZXhwIjoxNzU3ODUzNjMzfQ.2KzLnVhVc-tv8Oecl6bOEu031LlHpJ1C5R4gMcaxQOY","host":"localhost:3000","level":"debug","message":"Request headers:","postman-token":"afad4a47-35a4-40f6-bac2-f9b438a852f2","service":"polling-api","timestamp":"2025-09-13 19:23:24","user-agent":"PostmanRuntime/7.45.0"}
{"level":"debug","message":"Request body:","service":"polling-api","timestamp":"2025-09-13 19:23:24"}
{"body":{"email":"Ari123@gmail.com","password":"password123"},"ip":"::1","level":"info","message":"POST /api/v1/users/login","query":{},"service":"polling-api","timestamp":"2025-09-13 19:23:24"}
{"level":"info","message":"Incoming POST /api/v1/polls/2/vote","service":"polling-api","timestamp":"2025-09-13 19:23:43"}
{"accept":"*/*","accept-encoding":"gzip, deflate, br","authorization":"Bearer eyJhbGciOiJIUzI1NiIsInR5cCI6IkpXVCJ9.eyJ1c2VySWQiOjEsImVtYWlsIjoiYXJpMTIzQGdtYWlsLmNvbSIsImlhdCI6MTc1Nzc3MTYwOCwiZXhwIjoxNzU3ODU4MDA4fQ.Dtwy9qc8rjL94Rq0bo-MX97UPQhPaix1HcZgU4JVEQI","cache-control":"no-cache","connection":"keep-alive","content-length":"22","content-type":"application/json","cookie":"token=eyJhbGciOiJIUzI1NiIsInR5cCI6IkpXVCJ9.eyJ1c2VySWQiOjEsImVtYWlsIjoiYXJpMTIzQGdtYWlsLmNvbSIsImlhdCI6MTc1Nzc3MTYwOCwiZXhwIjoxNzU3ODU4MDA4fQ.Dtwy9qc8rjL94Rq0bo-MX97UPQhPaix1HcZgU4JVEQI","host":"localhost:3000","level":"debug","message":"Request headers:","postman-token":"87ed247b-e99a-4deb-bf28-ce877ec7205c","service":"polling-api","timestamp":"2025-09-13 19:23:43","user-agent":"PostmanRuntime/7.45.0"}
{"level":"debug","message":"Request body:","service":"polling-api","timestamp":"2025-09-13 19:23:43"}
{"body":{"optionId":5},"ip":"::1","level":"info","message":"POST /api/v1/polls/2/vote","query":{},"service":"polling-api","timestamp":"2025-09-13 19:23:43"}
{"level":"info","message":"Incoming POST /api/v1/polls/2/vote","service":"polling-api","timestamp":"2025-09-13 19:26:34"}
{"accept":"*/*","host":"localhost:3000","level":"debug","message":"Request headers:","service":"polling-api","timestamp":"2025-09-13 19:26:34","user-agent":"curl/7.88.1"}
{"level":"debug","message":"Request body:","service":"polling-api","timestamp":"2025-09-13 19:26:34"}
{"ip":"::ffff:127.0.0.1","level":"info","message":"POST /api/v1/polls/2/vote","query":{},"service":"polling-api","timestamp":"2025-09-13 19:26:34"}
{"level":"info","message":"Incoming POST /api/v1/polls/2/vote","service":"polling-api","timestamp":"2025-09-13 19:26:41"}
{"accept":"*/*","host":"localhost:3000","level":"debug","message":"Request headers:","service":"polling-api","timestamp":"2025-09-13 19:26:41","user-agent":"curl/7.88.1"}
{"level":"debug","message":"Request body:","service":"polling-api","timestamp":"2025-09-13 19:26:41"}
{"ip":"::ffff:127.0.0.1","level":"info","message":"POST /api/v1/polls/2/vote","query":{},"service":"polling-api","timestamp":"2025-09-13 19:26:41"}
{"level":"info","message":"Incoming POST /api/v1/polls/2/vote","service":"polling-api","timestamp":"2025-09-13 19:26:51"}
{"accept":"*/*","host":"localhost:3000","level":"debug","message":"Request headers:","service":"polling-api","timestamp":"2025-09-13 19:26:51","user-agent":"curl/7.88.1"}
{"level":"debug","message":"Request body:","service":"polling-api","timestamp":"2025-09-13 19:26:51"}
{"ip":"::ffff:127.0.0.1","level":"info","message":"POST /api/v1/polls/2/vote","query":{},"service":"polling-api","timestamp":"2025-09-13 19:26:51"}
{"level":"info","message":"Incoming POST /api/v1/users/login","service":"polling-api","timestamp":"2025-09-13 19:30:46"}
{"accept":"*/*","accept-encoding":"gzip, deflate, br","cache-control":"no-cache","connection":"keep-alive","content-length":"65","content-type":"application/json","cookie":"token=eyJhbGciOiJIUzI1NiIsInR5cCI6IkpXVCJ9.eyJ1c2VySWQiOjEsImVtYWlsIjoiYXJpMTIzQGdtYWlsLmNvbSIsImlhdCI6MTc1Nzc3MTYwOCwiZXhwIjoxNzU3ODU4MDA4fQ.Dtwy9qc8rjL94Rq0bo-MX97UPQhPaix1HcZgU4JVEQI","host":"localhost:3000","level":"debug","message":"Request headers:","postman-token":"1b721236-cd85-46c1-9ef3-58caf5343df7","service":"polling-api","timestamp":"2025-09-13 19:30:46","user-agent":"PostmanRuntime/7.45.0"}
{"level":"debug","message":"Request body:","service":"polling-api","timestamp":"2025-09-13 19:30:46"}
{"body":{"email":"Ari123@gmail.com","password":"password123"},"ip":"::1","level":"info","message":"POST /api/v1/users/login","query":{},"service":"polling-api","timestamp":"2025-09-13 19:30:46"}
{"level":"info","message":"Incoming POST /api/v1/polls/2/vote","service":"polling-api","timestamp":"2025-09-13 19:31:48"}
{"accept":"*/*","authorization":"Bearer eyJhbGciOiJIUzI1NiIsInR5cCI6IkpXVCJ9.eyJ1c2VySWQiOjEsImVtYWlsIjoiYXJpMTIzQGdtYWlsLmNvbSIsImlhdCI6MTc1Nzc3MjA1MiwiZXhwIjoxNzU3ODU4NDUyfQ.gB5tEXzKxxnjYxk4gDLFUoJz3OdHCHJ5PQe1o9nz9OM","content-length":"15","content-type":"application/json","host":"localhost:3000","level":"debug","message":"Request headers:","service":"polling-api","timestamp":"2025-09-13 19:31:48","user-agent":"curl/7.88.1"}
{"level":"debug","message":"Request body:","service":"polling-api","timestamp":"2025-09-13 19:31:48"}
{"body":{"optionId":1},"ip":"::ffff:127.0.0.1","level":"info","message":"POST /api/v1/polls/2/vote","query":{},"service":"polling-api","timestamp":"2025-09-13 19:31:48"}
{"level":"info","message":"Incoming POST /api/v1/polls/2/vote","service":"polling-api","timestamp":"2025-09-13 20:19:46"}
{"accept":"*/*","accept-encoding":"gzip, deflate, br","authorization":"Bearer eyJhbGciOiJIUzI1NiIsInR5cCI6IkpXVCJ9.eyJ1c2VySWQiOjEsImVtYWlsIjoiYXJpMTIzQGdtYWlsLmNvbSIsImlhdCI6MTc1Nzc3MTYwOCwiZXhwIjoxNzU3ODU4MDA4fQ.Dtwy9qc8rjL94Rq0bo-MX97UPQhPaix1HcZgU4JVEQI","cache-control":"no-cache","connection":"keep-alive","content-length":"22","content-type":"application/json","cookie":"token=eyJhbGciOiJIUzI1NiIsInR5cCI6IkpXVCJ9.eyJ1c2VySWQiOjEsImVtYWlsIjoiYXJpMTIzQGdtYWlsLmNvbSIsImlhdCI6MTc1Nzc3MjA1MiwiZXhwIjoxNzU3ODU4NDUyfQ.gB5tEXzKxxnjYxk4gDLFUoJz3OdHCHJ5PQe1o9nz9OM","host":"localhost:3000","level":"debug","message":"Request headers:","postman-token":"97eea913-262d-4c6e-8a0f-006c90d202dd","service":"polling-api","timestamp":"2025-09-13 20:19:46","user-agent":"PostmanRuntime/7.45.0"}
{"level":"debug","message":"Request body:","service":"polling-api","timestamp":"2025-09-13 20:19:46"}
{"body":{"optionId":5},"ip":"::1","level":"info","message":"POST /api/v1/polls/2/vote","query":{},"service":"polling-api","timestamp":"2025-09-13 20:19:46"}
{"level":"info","message":"Incoming GET /api/v1/polls/2","service":"polling-api","timestamp":"2025-09-13 20:20:12"}
{"accept":"*/*","accept-encoding":"gzip, deflate, br","authorization":"eyJhbGciOiJIUzI1NiIsInR5cCI6IkpXVCJ9.eyJ1c2VySWQiOjEsImVtYWlsIjoiYXJpMTIzQGdtYWlsLmNvbSIsImlhdCI6MTc1Nzc2MzQ5MiwiZXhwIjoxNzU3ODQ5ODkyfQ.ER5O3wftsPZ6TpQ6mm8vaZ_vvERjWtndmt2g7LhtRhY","cache-control":"no-cache","connection":"keep-alive","content-length":"150","content-type":"application/json","cookie":"token=eyJhbGciOiJIUzI1NiIsInR5cCI6IkpXVCJ9.eyJ1c2VySWQiOjEsImVtYWlsIjoiYXJpMTIzQGdtYWlsLmNvbSIsImlhdCI6MTc1Nzc3MjA1MiwiZXhwIjoxNzU3ODU4NDUyfQ.gB5tEXzKxxnjYxk4gDLFUoJz3OdHCHJ5PQe1o9nz9OM","host":"localhost:3000","level":"debug","message":"Request headers:","postman-token":"96c9fc65-be8b-4396-82a6-dafd0b29587f","service":"polling-api","timestamp":"2025-09-13 20:20:12","user-agent":"PostmanRuntime/7.45.0"}
{"level":"debug","message":"Request body:","service":"polling-api","timestamp":"2025-09-13 20:20:13"}
{"body":{"isPublished":true,"options":["JavaScript","TypeScript","Python","Java"],"question":"What's your favorite programming language?"},"ip":"::1","level":"info","message":"GET /api/v1/polls/2","query":{},"service":"polling-api","timestamp":"2025-09-13 20:20:13"}
{"level":"info","message":"Incoming GET /api/v1/polls/2","service":"polling-api","timestamp":"2025-09-13 20:40:17"}
{"accept":"*/*","accept-encoding":"gzip, deflate, br","authorization":"eyJhbGciOiJIUzI1NiIsInR5cCI6IkpXVCJ9.eyJ1c2VySWQiOjEsImVtYWlsIjoiYXJpMTIzQGdtYWlsLmNvbSIsImlhdCI6MTc1Nzc2MzQ5MiwiZXhwIjoxNzU3ODQ5ODkyfQ.ER5O3wftsPZ6TpQ6mm8vaZ_vvERjWtndmt2g7LhtRhY","cache-control":"no-cache","connection":"keep-alive","content-length":"150","content-type":"application/json","cookie":"token=eyJhbGciOiJIUzI1NiIsInR5cCI6IkpXVCJ9.eyJ1c2VySWQiOjEsImVtYWlsIjoiYXJpMTIzQGdtYWlsLmNvbSIsImlhdCI6MTc1Nzc3MjA1MiwiZXhwIjoxNzU3ODU4NDUyfQ.gB5tEXzKxxnjYxk4gDLFUoJz3OdHCHJ5PQe1o9nz9OM","host":"localhost:3000","level":"debug","message":"Request headers:","postman-token":"7f4cd729-f71a-4b88-803a-78da0a075739","service":"polling-api","timestamp":"2025-09-13 20:40:17","user-agent":"PostmanRuntime/7.45.0"}
{"level":"debug","message":"Request body:","service":"polling-api","timestamp":"2025-09-13 20:40:17"}
{"body":{"isPublished":true,"options":["JavaScript","TypeScript","Python","Java"],"question":"What's your favorite programming language?"},"ip":"::1","level":"info","message":"GET /api/v1/polls/2","query":{},"service":"polling-api","timestamp":"2025-09-13 20:40:17"}
{"level":"info","message":"Incoming GET /ws-test","service":"polling-api","timestamp":"2025-09-13 20:42:51"}
{"accept":"*/*","host":"localhost:3000","level":"debug","message":"Request headers:","service":"polling-api","timestamp":"2025-09-13 20:42:51","user-agent":"curl/7.88.1"}
{"level":"debug","message":"Request body:","service":"polling-api","timestamp":"2025-09-13 20:42:51"}
{"ip":"::ffff:127.0.0.1","level":"info","message":"GET /ws-test","query":{},"service":"polling-api","timestamp":"2025-09-13 20:42:51"}
